This is pdfTeX, Version 3.1415926-2.3-1.40.12 (MiKTeX 2.9) (preloaded format=pdflatex 2016.7.2)  9 APR 2019 07:15
entering extended mode
**Manuscript.tex
(C:\Users\CuiWei\Desktop\20190318\Manuscript.tex
LaTeX2e <2011/06/27>
Babel <v3.8m> and hyphenation patterns for loaded.
(C:\Users\CuiWei\Desktop\20190318\IEEEtran.cls
Document Class: IEEEtran 2007/03/05 V1.7a by Michael Shell
-- See the "IEEEtran_HOWTO" manual for usage information.
-- http://www.michaelshell.org/tex/ieeetran/
\@IEEEtrantmpdimenA=\dimen102
\@IEEEtrantmpdimenB=\dimen103
\@IEEEtrantmpcountA=\count79
\@IEEEtrantmpcountB=\count80
\@IEEEtrantmptoksA=\toks14
LaTeX Font Info:    Try loading font information for OT1+ptm on input line 366.

(C:\CTEX\MiKTeX\tex\latex\psnfss\ot1ptm.fd
File: ot1ptm.fd 2001/06/04 font definitions for OT1/ptm.
)
-- Using 8.5in x 11in (letter) paper.
-- Using PDF output.
\@IEEEnormalsizeunitybaselineskip=\dimen104
-- This is a 10 point document.
\CLASSINFOnormalsizebaselineskip=\dimen105
\CLASSINFOnormalsizeunitybaselineskip=\dimen106
\IEEEnormaljot=\dimen107
LaTeX Font Info:    Font shape `OT1/ptm/bx/n' in size <5> not available
(Font)              Font shape `OT1/ptm/b/n' tried instead on input line 724.
LaTeX Font Info:    Font shape `OT1/ptm/bx/it' in size <5> not available
(Font)              Font shape `OT1/ptm/b/it' tried instead on input line 724.
LaTeX Font Info:    Font shape `OT1/ptm/bx/n' in size <7> not available
(Font)              Font shape `OT1/ptm/b/n' tried instead on input line 724.
LaTeX Font Info:    Font shape `OT1/ptm/bx/it' in size <7> not available
(Font)              Font shape `OT1/ptm/b/it' tried instead on input line 724.
LaTeX Font Info:    Font shape `OT1/ptm/bx/n' in size <8> not available
(Font)              Font shape `OT1/ptm/b/n' tried instead on input line 724.
LaTeX Font Info:    Font shape `OT1/ptm/bx/it' in size <8> not available
(Font)              Font shape `OT1/ptm/b/it' tried instead on input line 724.
LaTeX Font Info:    Font shape `OT1/ptm/bx/n' in size <9> not available
(Font)              Font shape `OT1/ptm/b/n' tried instead on input line 724.
LaTeX Font Info:    Font shape `OT1/ptm/bx/it' in size <9> not available
(Font)              Font shape `OT1/ptm/b/it' tried instead on input line 724.
LaTeX Font Info:    Font shape `OT1/ptm/bx/n' in size <10> not available
(Font)              Font shape `OT1/ptm/b/n' tried instead on input line 724.
LaTeX Font Info:    Font shape `OT1/ptm/bx/it' in size <10> not available
(Font)              Font shape `OT1/ptm/b/it' tried instead on input line 724.
LaTeX Font Info:    Font shape `OT1/ptm/bx/n' in size <11> not available
(Font)              Font shape `OT1/ptm/b/n' tried instead on input line 724.
LaTeX Font Info:    Font shape `OT1/ptm/bx/it' in size <11> not available
(Font)              Font shape `OT1/ptm/b/it' tried instead on input line 724.
LaTeX Font Info:    Font shape `OT1/ptm/bx/n' in size <12> not available
(Font)              Font shape `OT1/ptm/b/n' tried instead on input line 724.
LaTeX Font Info:    Font shape `OT1/ptm/bx/it' in size <12> not available
(Font)              Font shape `OT1/ptm/b/it' tried instead on input line 724.
LaTeX Font Info:    Font shape `OT1/ptm/bx/n' in size <17> not available
(Font)              Font shape `OT1/ptm/b/n' tried instead on input line 724.
LaTeX Font Info:    Font shape `OT1/ptm/bx/it' in size <17> not available
(Font)              Font shape `OT1/ptm/b/it' tried instead on input line 724.
LaTeX Font Info:    Font shape `OT1/ptm/bx/n' in size <20> not available
(Font)              Font shape `OT1/ptm/b/n' tried instead on input line 724.
LaTeX Font Info:    Font shape `OT1/ptm/bx/it' in size <20> not available
(Font)              Font shape `OT1/ptm/b/it' tried instead on input line 724.
LaTeX Font Info:    Font shape `OT1/ptm/bx/n' in size <24> not available
(Font)              Font shape `OT1/ptm/b/n' tried instead on input line 724.
LaTeX Font Info:    Font shape `OT1/ptm/bx/it' in size <24> not available
(Font)              Font shape `OT1/ptm/b/it' tried instead on input line 724.
\IEEEilabelindentA=\dimen108
\IEEEilabelindentB=\dimen109
\IEEEilabelindent=\dimen110
\IEEEelabelindent=\dimen111
\IEEEdlabelindent=\dimen112
\IEEElabelindent=\dimen113
\IEEEiednormlabelsep=\dimen114
\IEEEiedmathlabelsep=\dimen115
\IEEEiedtopsep=\skip41
\c@section=\count81
\c@subsection=\count82
\c@subsubsection=\count83
\c@paragraph=\count84
\c@IEEEsubequation=\count85
\abovecaptionskip=\skip42
\belowcaptionskip=\skip43
\c@figure=\count86
\c@table=\count87
\@IEEEeqnnumcols=\count88
\@IEEEeqncolcnt=\count89
\@IEEEtmpitemindent=\dimen116
\c@IEEEbiography=\count90
\@IEEEtranrubishbin=\box26
) (C:\CTEX\MiKTeX\tex\latex\cite\cite.sty
LaTeX Info: Redefining \cite on input line 302.
LaTeX Info: Redefining \nocite on input line 373.
Package: cite 2010/09/10  v 5.3
)
(C:\CTEX\MiKTeX\tex\latex\ams\math\amsmath.sty
Package: amsmath 2000/07/18 v2.13 AMS math features
\@mathmargin=\skip44

For additional information on amsmath, use the `?' option.
(C:\CTEX\MiKTeX\tex\latex\ams\math\amstext.sty
Package: amstext 2000/06/29 v2.01

(C:\CTEX\MiKTeX\tex\latex\ams\math\amsgen.sty
File: amsgen.sty 1999/11/30 v2.0
\@emptytoks=\toks15
\ex@=\dimen117
))
(C:\CTEX\MiKTeX\tex\latex\ams\math\amsbsy.sty
Package: amsbsy 1999/11/29 v1.2d
\pmbraise@=\dimen118
)
(C:\CTEX\MiKTeX\tex\latex\ams\math\amsopn.sty
Package: amsopn 1999/12/14 v2.01 operator names
)
\inf@bad=\count91
LaTeX Info: Redefining \frac on input line 211.
\uproot@=\count92
\leftroot@=\count93
LaTeX Info: Redefining \overline on input line 307.
\classnum@=\count94
\DOTSCASE@=\count95
LaTeX Info: Redefining \ldots on input line 379.
LaTeX Info: Redefining \dots on input line 382.
LaTeX Info: Redefining \cdots on input line 467.
\Mathstrutbox@=\box27
\strutbox@=\box28
\big@size=\dimen119
LaTeX Font Info:    Redeclaring font encoding OML on input line 567.
LaTeX Font Info:    Redeclaring font encoding OMS on input line 568.
\macc@depth=\count96
\c@MaxMatrixCols=\count97
\dotsspace@=\muskip10
\c@parentequation=\count98
\dspbrk@lvl=\count99
\tag@help=\toks16
\row@=\count100
\column@=\count101
\maxfields@=\count102
\andhelp@=\toks17
\eqnshift@=\dimen120
\alignsep@=\dimen121
\tagshift@=\dimen122
\tagwidth@=\dimen123
\totwidth@=\dimen124
\lineht@=\dimen125
\@envbody=\toks18
\multlinegap=\skip45
\multlinetaggap=\skip46
\mathdisplay@stack=\toks19
LaTeX Info: Redefining \[ on input line 2666.
LaTeX Info: Redefining \] on input line 2667.
)
(C:\CTEX\MiKTeX\tex\latex\amsfonts\amssymb.sty
Package: amssymb 2009/06/22 v3.00

(C:\CTEX\MiKTeX\tex\latex\amsfonts\amsfonts.sty
Package: amsfonts 2009/06/22 v3.00 Basic AMSFonts support
\symAMSa=\mathgroup4
\symAMSb=\mathgroup5
LaTeX Font Info:    Overwriting math alphabet `\mathfrak' in version `bold'
(Font)                  U/euf/m/n --> U/euf/b/n on input line 96.
))
(C:\CTEX\MiKTeX\tex\latex\algorithms\algorithmic.sty
Package: algorithmic 2009/08/24 v0.1 Document Style `algorithmic'

(C:\CTEX\MiKTeX\tex\latex\base\ifthen.sty
Package: ifthen 2001/05/26 v1.1c Standard LaTeX ifthen package (DPC)
)
(C:\CTEX\MiKTeX\tex\latex\graphics\keyval.sty
Package: keyval 1999/03/16 v1.13 key=value parser (DPC)
\KV@toks@=\toks20
)
\c@ALC@unique=\count103
\c@ALC@line=\count104
\c@ALC@rem=\count105
\c@ALC@depth=\count106
\ALC@tlm=\skip47
\algorithmicindent=\skip48
)
(C:\CTEX\MiKTeX\tex\latex\tools\array.sty
Package: array 2008/09/09 v2.4c Tabular extension package (FMi)
\col@sep=\dimen126
\extrarowheight=\dimen127
\NC@list=\toks21
\extratabsurround=\skip49
\backup@length=\skip50
)
(C:\CTEX\MiKTeX\tex\latex\mdwtools\mdwmath.sty
Package: mdwmath 1996/04/11 1.1 Nice mathematical things
\sq@sqrt=\count107
LaTeX Info: Redefining \sqrt on input line 84.
)
(C:\CTEX\MiKTeX\tex\latex\booktabs\booktabs.sty
Package: booktabs 2005/04/14 v1.61803 publication quality tables
\heavyrulewidth=\dimen128
\lightrulewidth=\dimen129
\cmidrulewidth=\dimen130
\belowrulesep=\dimen131
\belowbottomsep=\dimen132
\aboverulesep=\dimen133
\abovetopsep=\dimen134
\cmidrulesep=\dimen135
\cmidrulekern=\dimen136
\defaultaddspace=\dimen137
\@cmidla=\count108
\@cmidlb=\count109
\@aboverulesep=\dimen138
\@belowrulesep=\dimen139
\@thisruleclass=\count110
\@lastruleclass=\count111
\@thisrulewidth=\dimen140
)
(C:\CTEX\MiKTeX\tex\latex\mdwtools\mdwtab.sty
Package: mdwtab 1998/04/28 1.9 Table typesetting with style
\tab@state=\count112
\tab@columns=\count113
\tab@preamble=\toks22
\tab@shortline=\toks23
\extrarowheight=\dimen141
\tabextrasep=\dimen142
\arrayextrasep=\dimen143
\smarraycolsep=\dimen144
\smarrayextrasep=\dimen145
\tab@width=\dimen146
\col@sep=\dimen147
\tab@endheight=\dimen148
\tab@leftskip=\skip51
\tab@rightskip=\skip52
\fn@notes=\box29
\fn@width=\dimen149
)
(C:\CTEX\MiKTeX\tex\latex\eqparbox\eqparbox.sty
Package: eqparbox 2010/01/01 v3.1 Create equal-widthed boxes
\eqp@tempdima=\skip53
\eqp@tempdimb=\skip54
)
(C:\CTEX\MiKTeX\tex\latex\graphics\graphicx.sty
Package: graphicx 1999/02/16 v1.0f Enhanced LaTeX Graphics (DPC,SPQR)

(C:\CTEX\MiKTeX\tex\latex\graphics\graphics.sty
Package: graphics 2009/02/05 v1.0o Standard LaTeX Graphics (DPC,SPQR)

(C:\CTEX\MiKTeX\tex\latex\graphics\trig.sty
Package: trig 1999/03/16 v1.09 sin cos tan (DPC)
)
(C:\CTEX\MiKTeX\tex\latex\00miktex\graphics.cfg
File: graphics.cfg 2007/01/18 v1.5 graphics configuration of teTeX/TeXLive
)
Package graphics Info: Driver file: pdftex.def on input line 91.

(C:\CTEX\MiKTeX\tex\latex\pdftex-def\pdftex.def
File: pdftex.def 2011/05/27 v0.06d Graphics/color for pdfTeX

(C:\CTEX\MiKTeX\tex\generic\oberdiek\infwarerr.sty
Package: infwarerr 2010/04/08 v1.3 Providing info/warning/message (HO)
)
(C:\CTEX\MiKTeX\tex\generic\oberdiek\ltxcmds.sty
Package: ltxcmds 2011/04/18 v1.20 LaTeX kernel commands for general use (HO)
)
\Gread@gobject=\count114
))
\Gin@req@height=\dimen150
\Gin@req@width=\dimen151
)
(C:\CTEX\MiKTeX\tex\latex\caption\caption.sty
Package: caption 2011/11/10 v3.2e Customizing captions (AR)

(C:\CTEX\MiKTeX\tex\latex\caption\caption3.sty
Package: caption3 2011/11/01 v1.4a caption3 kernel (AR)
\captionmargin=\dimen152
\captionmargin@=\dimen153
\captionwidth=\dimen154
\caption@indent=\dimen155
\caption@parindent=\dimen156
\caption@hangindent=\dimen157
Package caption Info: Unknown document class (or package),
(caption)             standard defaults will be used.
)

Package caption Warning: Unsupported document class (or package) detected,
(caption)                usage of the caption package is not recommended.
See the caption package documentation for explanation.

Package caption Info: \@makecaption = \long macro:#1#2->\ifx \@captype \@IEEEta
blestring \footnotesize \begin {center}{\normalfont \footnotesize #1}\\{\normal
font \footnotesize \scshape #2}\end {center}\@IEEEtablecaptionsepspace \else \@
IEEEfigurecaptionsepspace \setbox \@tempboxa \hbox {\normalfont \footnotesize {
#1.}~~ #2}\ifdim \wd \@tempboxa >\hsize \setbox \@tempboxa \hbox {\normalfont \
footnotesize {#1.}~~ }\parbox [t]{\hsize }{\normalfont \footnotesize \noindent 
\unhbox \@tempboxa #2}\else \ifCLASSOPTIONconference \hbox to\hsize {\normalfon
t \footnotesize \hfil \box \@tempboxa \hfil }\else \hbox to\hsize {\normalfont 
\footnotesize \box \@tempboxa \hfil }\fi \fi \fi .
\c@ContinuedFloat=\count115
) (C:\CTEX\MiKTeX\tex\latex\tools\bm.sty
Package: bm 2004/02/26 v1.1c Bold Symbol Support (DPC/FMi)
\symboldoperators=\mathgroup6
\symboldletters=\mathgroup7
\symboldsymbols=\mathgroup8
LaTeX Font Info:    Redeclaring math alphabet \mathbf on input line 138.
LaTeX Info: Redefining \bm on input line 204.
)
(C:\CTEX\MiKTeX\tex\latex\float\float.sty
Package: float 2001/11/08 v1.3d Float enhancements (AL)
\c@float@type=\count116
\float@exts=\toks24
\float@box=\box30
\@float@everytoks=\toks25
\@floatcapt=\box31
)
(C:\CTEX\MiKTeX\tex\latex\base\inputenc.sty
Package: inputenc 2008/03/30 v1.1d Input encoding file
\inpenc@prehook=\toks26
\inpenc@posthook=\toks27

(C:\CTEX\MiKTeX\tex\latex\base\latin1.def
File: latin1.def 2008/03/30 v1.1d Input encoding file
))
(C:\Users\CuiWei\Desktop\20190318\Manuscript.aux)
LaTeX Font Info:    Checking defaults for OML/cmm/m/it on input line 31.
LaTeX Font Info:    ... okay on input line 31.
LaTeX Font Info:    Checking defaults for T1/cmr/m/n on input line 31.
LaTeX Font Info:    ... okay on input line 31.
LaTeX Font Info:    Checking defaults for OT1/cmr/m/n on input line 31.
LaTeX Font Info:    ... okay on input line 31.
LaTeX Font Info:    Checking defaults for OMS/cmsy/m/n on input line 31.
LaTeX Font Info:    ... okay on input line 31.
LaTeX Font Info:    Checking defaults for OMX/cmex/m/n on input line 31.
LaTeX Font Info:    ... okay on input line 31.
LaTeX Font Info:    Checking defaults for U/cmr/m/n on input line 31.
LaTeX Font Info:    ... okay on input line 31.

(C:\CTEX\MiKTeX\tex\context\base\supp-pdf.mkii
[Loading MPS to PDF converter (version 2006.09.02).]
\scratchcounter=\count117
\scratchdimen=\dimen158
\scratchbox=\box32
\nofMPsegments=\count118
\nofMParguments=\count119
\everyMPshowfont=\toks28
\MPscratchCnt=\count120
\MPscratchDim=\dimen159
\MPnumerator=\count121
\makeMPintoPDFobject=\count122
\everyMPtoPDFconversion=\toks29
)
Package caption Info: Begin \AtBeginDocument code.
Package caption Info: float package is loaded.
Package caption Info: End \AtBeginDocument code.
 <Fig1.pdf, id=1, 480.36162pt x 426.9039pt>
File: Fig1.pdf Graphic file (type pdf)
 <use Fig1.pdf>
Package pdftex.def Info: Fig1.pdf used on input line 67.
(pdftex.def)             Requested size: 241.84842pt x 214.9301pt.
 [1{C:/CTEX/UserData/pdftex/config/pdftex.map{Unicode.sfd}{UGBK.sfd}}


]
Underfull \vbox (badness 3375) has occurred while \output is active []

LaTeX Font Info:    Try loading font information for U+msa on input line 85.

(C:\CTEX\MiKTeX\tex\latex\amsfonts\umsa.fd
File: umsa.fd 2009/06/22 v3.00 AMS symbols A
)
LaTeX Font Info:    Try loading font information for U+msb on input line 85.

(C:\CTEX\MiKTeX\tex\latex\amsfonts\umsb.fd
File: umsb.fd 2009/06/22 v3.00 AMS symbols B
) [2 <C:/Users/CuiWei/Desktop/20190318/Fig1.pdf>] [3]
Underfull \hbox (badness 10000) in paragraph at lines 178--178
[]\OT1/ptm/m/n/7 post-exercise(first
 []


Underfull \hbox (badness 10000) in paragraph at lines 178--178
[]\OT1/ptm/m/n/7 post-exercise(last
 []


Underfull \hbox (badness 10000) in paragraph at lines 179--179
[]\OT1/ptm/m/n/7 post-exercise(last
 []


Underfull \hbox (badness 10000) in paragraph at lines 179--179
[]\OT1/ptm/m/n/7 post-exercise(first
 []


Underfull \hbox (badness 10000) in alignment at lines 173--182
[][][][]
 []

[4] <Fig2.pdf, id=40, 76.50974pt x 365.07693pt>
File: Fig2.pdf Graphic file (type pdf)
 <use Fig2.pdf>
Package pdftex.def Info: Fig2.pdf used on input line 197.
(pdftex.def)             Requested size: 79.6678pt x 380.15012pt.

Underfull \hbox (badness 10000) in paragraph at lines 213--213
[]\OT1/ptm/m/n/7 post-exercise(first
 []


Underfull \hbox (badness 10000) in paragraph at lines 213--213
[]\OT1/ptm/m/n/7 post-exercise(last
 []


Underfull \hbox (badness 10000) in paragraph at lines 214--214
[]\OT1/ptm/m/n/7 post-exercise(last
 []


Underfull \hbox (badness 10000) in paragraph at lines 214--214
[]\OT1/ptm/m/n/7 post-exercise(first
 []


Underfull \hbox (badness 10000) in alignment at lines 208--217
[][][][]
 []


Underfull \hbox (badness 10000) in paragraph at lines 231--231
[]\OT1/ptm/m/n/7 post-exercise(first
 []


Underfull \hbox (badness 10000) in paragraph at lines 231--231
[]\OT1/ptm/m/n/7 post-exercise(last
 []


Underfull \hbox (badness 10000) in paragraph at lines 232--232
[]\OT1/ptm/m/n/7 post-exercise(last
 []


Underfull \hbox (badness 10000) in paragraph at lines 232--232
[]\OT1/ptm/m/n/7 post-exercise(first
 []


Underfull \hbox (badness 10000) in alignment at lines 226--235
[][][][]
 []


Underfull \hbox (badness 10000) in paragraph at lines 284--284
[]\OT1/ptm/m/n/7 post-exercise(first
 []


Underfull \hbox (badness 10000) in paragraph at lines 284--284
[]\OT1/ptm/m/n/7 post-exercise(last
 []


Underfull \hbox (badness 10000) in paragraph at lines 285--285
[]\OT1/ptm/m/n/7 post-exercise(last
 []


Underfull \hbox (badness 10000) in paragraph at lines 285--285
[]\OT1/ptm/m/n/7 post-exercise(first
 []


Underfull \hbox (badness 10000) in alignment at lines 279--288
[][][][]
 []

[5 <C:/Users/CuiWei/Desktop/20190318/Fig2.pdf>]
Underfull \hbox (badness 10000) in paragraph at lines 322--322
[]\OT1/ptm/m/n/7 post-exercise(first
 []


Underfull \hbox (badness 10000) in paragraph at lines 322--322
[]\OT1/ptm/m/n/7 post-exercise(last
 []


Underfull \hbox (badness 10000) in paragraph at lines 323--323
[]\OT1/ptm/m/n/7 post-exercise(last
 []


Underfull \hbox (badness 10000) in paragraph at lines 323--323
[]\OT1/ptm/m/n/7 post-exercise(first
 []


Underfull \hbox (badness 10000) in alignment at lines 317--326
[][][][]
 []


Underfull \hbox (badness 10000) in paragraph at lines 346--346
[]\OT1/ptm/m/n/7 post-exercise(first
 []


Underfull \hbox (badness 10000) in paragraph at lines 346--346
[]\OT1/ptm/m/n/7 post-exercise(last
 []


Underfull \hbox (badness 10000) in paragraph at lines 347--347
[]\OT1/ptm/m/n/7 post-exercise(last
 []


Underfull \hbox (badness 10000) in paragraph at lines 347--347
[]\OT1/ptm/m/n/7 post-exercise(first
 []


Underfull \hbox (badness 10000) in alignment at lines 341--350
[][][][]
 []


Underfull \hbox (badness 10000) in paragraph at lines 368--368
[]\OT1/ptm/m/n/7 post-exercise(first
 []


Underfull \hbox (badness 10000) in paragraph at lines 368--368
[]\OT1/ptm/m/n/7 post-exercise(last
 []


Underfull \hbox (badness 10000) in paragraph at lines 369--369
[]\OT1/ptm/m/n/7 post-exercise(last
 []


Underfull \hbox (badness 10000) in paragraph at lines 369--369
[]\OT1/ptm/m/n/7 post-exercise(first
 []


Underfull \hbox (badness 10000) in alignment at lines 363--372
[][][][]
 []


Underfull \hbox (badness 10000) in paragraph at lines 393--393
[]\OT1/ptm/m/n/7 post-exercise(first
 []


Underfull \hbox (badness 10000) in paragraph at lines 393--393
[]\OT1/ptm/m/n/7 post-exercise(last
 []


Underfull \hbox (badness 10000) in paragraph at lines 394--394
[]\OT1/ptm/m/n/7 post-exercise(last
 []


Underfull \hbox (badness 10000) in paragraph at lines 394--394
[]\OT1/ptm/m/n/7 post-exercise(first
 []


Underfull \hbox (badness 10000) in alignment at lines 388--397
[][][][]
 []


Underfull \hbox (badness 10000) in paragraph at lines 412--412
[]\OT1/ptm/m/n/7 post-exercise(first
 []


Underfull \hbox (badness 10000) in paragraph at lines 412--412
[]\OT1/ptm/m/n/7 post-exercise(last
 []


Underfull \hbox (badness 10000) in paragraph at lines 413--413
[]\OT1/ptm/m/n/7 post-exercise(last
 []


Underfull \hbox (badness 10000) in paragraph at lines 413--413
[]\OT1/ptm/m/n/7 post-exercise(first
 []


Underfull \hbox (badness 10000) in alignment at lines 407--416
[][][][]
 []

[6]
Underfull \hbox (badness 10000) in paragraph at lines 459--459
[]\OT1/ptm/m/n/7 post-exercise(first
 []


Underfull \hbox (badness 10000) in paragraph at lines 459--459
[]\OT1/ptm/m/n/7 post-exercise(last
 []


Underfull \hbox (badness 10000) in paragraph at lines 460--460
[]\OT1/ptm/m/n/7 post-exercise(last
 []


Underfull \hbox (badness 10000) in paragraph at lines 460--460
[]\OT1/ptm/m/n/7 post-exercise(first
 []


Underfull \hbox (badness 10000) in alignment at lines 454--463
[][][][]
 []

<Fig3.pdf, id=56, 392.3709pt x 301.71019pt>
File: Fig3.pdf Graphic file (type pdf)
 <use Fig3.pdf>
Package pdftex.def Info: Fig3.pdf used on input line 469.
(pdftex.def)             Requested size: 227.62204pt x 175.02885pt.

Underfull \hbox (badness 10000) in paragraph at lines 509--510
[]\OT1/ptm/m/n/8 A re-al time ECG sig-nal. Avail-able:
 []


Underfull \hbox (badness 10000) in paragraph at lines 509--510
\OT1/ptm/m/n/8 http://www.todayifoundout.com/index.php/2011/10/how-to-read-an-
 []


Underfull \hbox (badness 10000) in paragraph at lines 533--534
[]\OT1/ptm/m/n/8 The MIT-BIH Ar-rhyth-mi-a database. Avail-able:
 []

[7 <C:/Users/CuiWei/Desktop/20190318/Fig3.pdf>] [8]
(C:\Users\CuiWei\Desktop\20190318\Manuscript.aux) ) 
Here is how much of TeX's memory you used:
 4553 strings out of 495354
 65597 string characters out of 3183860
 145840 words of memory out of 3000000
 7661 multiletter control sequences out of 15000+200000
 41320 words of font info for 83 fonts, out of 3000000 for 9000
 17 hyphenation exceptions out of 8191
 36i,9n,38p,1959b,306s stack positions out of 5000i,500n,10000p,200000b,50000s
{C:/CTEX/MiKTeX/fonts/enc/dv
ips/fontname/8r.enc}<C:/CTEX/MiKTeX/fonts/type1/public/amsfonts/cm/cmex10.pfb><
C:/CTEX/MiKTeX/fonts/type1/public/amsfonts/cm/cmmi10.pfb><C:/CTEX/MiKTeX/fonts/
type1/public/amsfonts/cm/cmmi7.pfb><C:/CTEX/MiKTeX/fonts/type1/public/amsfonts/
cm/cmmib10.pfb><C:/CTEX/MiKTeX/fonts/type1/public/amsfonts/cmextra/cmmib7.pfb><
C:/CTEX/MiKTeX/fonts/type1/public/amsfonts/cm/cmr10.pfb><C:/CTEX/MiKTeX/fonts/t
ype1/public/amsfonts/cm/cmr7.pfb><C:/CTEX/MiKTeX/fonts/type1/public/amsfonts/cm
/cmsy10.pfb><C:/CTEX/MiKTeX/fonts/type1/public/amsfonts/cm/cmsy7.pfb><C:/CTEX/M
iKTeX/fonts/type1/urw/times/utmb8a.pfb><C:/CTEX/MiKTeX/fonts/type1/urw/times/ut
mbi8a.pfb><C:/CTEX/MiKTeX/fonts/type1/urw/times/utmr8a.pfb><C:/CTEX/MiKTeX/font
s/type1/urw/times/utmri8a.pfb>
Output written on Manuscript.pdf (8 pages, 460472 bytes).
PDF statistics:
 108 PDF objects out of 1000 (max. 8388607)
 0 named destinations out of 1000 (max. 500000)
 16 words of extra memory for PDF output out of 10000 (max. 10000000)

